{"/Users/muktadirahamedshakib/Desktop/Project/myNextDoor-testing/server/config/db.ts": {"path":"/Users/muktadirahamedshakib/Desktop/Project/myNextDoor-testing/server/config/db.ts","statementMap":{"0":{"start":{"line":1,"column":0},"end":{"line":1,"column":32}},"1":{"start":{"line":2,"column":0},"end":{"line":2,"column":16}},"2":{"start":{"line":4,"column":23},"end":{"line":4,"column":61}},"3":{"start":{"line":7,"column":2},"end":{"line":7,"column":32}},"4":{"start":{"line":8,"column":2},"end":{"line":8,"column":61}},"5":{"start":{"line":6,"column":0},"end":{"line":6,"column":7}},"6":{"start":{"line":12,"column":2},"end":{"line":12,"column":36}},"7":{"start":{"line":11,"column":0},"end":{"line":11,"column":7}}},"fnMap":{"0":{"name":"connectDB","decl":{"start":{"line":6,"column":22},"end":{"line":6,"column":31}},"loc":{"start":{"line":6,"column":31},"end":{"line":9,"column":1}}},"1":{"name":"stopDB","decl":{"start":{"line":11,"column":22},"end":{"line":11,"column":28}},"loc":{"start":{"line":11,"column":28},"end":{"line":13,"column":1}}}},"branchMap":{},"s":{"0":1,"1":1,"2":1,"3":2,"4":2,"5":1,"6":1,"7":1},"f":{"0":2,"1":1},"b":{}}
,"/Users/muktadirahamedshakib/Desktop/Project/myNextDoor-testing/server/controllers/AddValue.controller.ts": {"path":"/Users/muktadirahamedshakib/Desktop/Project/myNextDoor-testing/server/controllers/AddValue.controller.ts","statementMap":{"0":{"start":{"line":2,"column":0},"end":{"line":2,"column":46}},"1":{"start":{"line":5,"column":24},"end":{"line":21,"column":1}},"2":{"start":{"line":6,"column":2},"end":{"line":20,"column":null}},"3":{"start":{"line":7,"column":46},"end":{"line":7,"column":54}},"4":{"start":{"line":9,"column":22},"end":{"line":13,"column":6}},"5":{"start":{"line":15,"column":25},"end":{"line":15,"column":47}},"6":{"start":{"line":17,"column":4},"end":{"line":17,"column":39}},"7":{"start":{"line":19,"column":4},"end":{"line":19,"column":23}},"8":{"start":{"line":5,"column":13},"end":{"line":5,"column":24}},"9":{"start":{"line":23,"column":24},"end":{"line":31,"column":1}},"10":{"start":{"line":24,"column":2},"end":{"line":30,"column":null}},"11":{"start":{"line":25,"column":19},"end":{"line":25,"column":40}},"12":{"start":{"line":27,"column":4},"end":{"line":27,"column":33}},"13":{"start":{"line":29,"column":4},"end":{"line":29,"column":23}},"14":{"start":{"line":23,"column":13},"end":{"line":23,"column":24}},"15":{"start":{"line":33,"column":28},"end":{"line":40,"column":1}},"16":{"start":{"line":34,"column":2},"end":{"line":39,"column":null}},"17":{"start":{"line":35,"column":18},"end":{"line":35,"column":56}},"18":{"start":{"line":36,"column":4},"end":{"line":36,"column":32}},"19":{"start":{"line":38,"column":4},"end":{"line":38,"column":23}},"20":{"start":{"line":33,"column":13},"end":{"line":33,"column":28}},"21":{"start":{"line":42,"column":29},"end":{"line":62,"column":1}},"22":{"start":{"line":43,"column":2},"end":{"line":61,"column":null}},"23":{"start":{"line":44,"column":18},"end":{"line":44,"column":56}},"24":{"start":{"line":45,"column":33},"end":{"line":45,"column":41}},"25":{"start":{"line":46,"column":4},"end":{"line":58,"column":null}},"26":{"start":{"line":47,"column":6},"end":{"line":47,"column":62}},"27":{"start":{"line":48,"column":6},"end":{"line":48,"column":59}},"28":{"start":{"line":49,"column":6},"end":{"line":49,"column":59}},"29":{"start":{"line":50,"column":6},"end":{"line":50,"column":47}},"30":{"start":{"line":51,"column":6},"end":{"line":51,"column":47}},"31":{"start":{"line":53,"column":27},"end":{"line":53,"column":45}},"32":{"start":{"line":54,"column":6},"end":{"line":54,"column":72}},"33":{"start":{"line":55,"column":6},"end":{"line":55,"column":26}},"34":{"start":{"line":57,"column":6},"end":{"line":57,"column":65}},"35":{"start":{"line":60,"column":4},"end":{"line":60,"column":23}},"36":{"start":{"line":42,"column":13},"end":{"line":42,"column":29}},"37":{"start":{"line":64,"column":27},"end":{"line":77,"column":1}},"38":{"start":{"line":65,"column":2},"end":{"line":76,"column":null}},"39":{"start":{"line":66,"column":18},"end":{"line":66,"column":56}},"40":{"start":{"line":67,"column":4},"end":{"line":73,"column":null}},"41":{"start":{"line":68,"column":26},"end":{"line":68,"column":46}},"42":{"start":{"line":69,"column":6},"end":{"line":69,"column":58}},"43":{"start":{"line":70,"column":6},"end":{"line":70,"column":25}},"44":{"start":{"line":72,"column":6},"end":{"line":72,"column":59}},"45":{"start":{"line":75,"column":4},"end":{"line":75,"column":23}},"46":{"start":{"line":64,"column":13},"end":{"line":64,"column":27}}},"fnMap":{"0":{"name":"(anonymous_1)","decl":{"start":{"line":5,"column":24},"end":{"line":5,"column":29}},"loc":{"start":{"line":5,"column":62},"end":{"line":21,"column":1}}},"1":{"name":"(anonymous_2)","decl":{"start":{"line":23,"column":24},"end":{"line":23,"column":29}},"loc":{"start":{"line":23,"column":62},"end":{"line":31,"column":1}}},"2":{"name":"(anonymous_3)","decl":{"start":{"line":33,"column":28},"end":{"line":33,"column":33}},"loc":{"start":{"line":33,"column":66},"end":{"line":40,"column":1}}},"3":{"name":"(anonymous_4)","decl":{"start":{"line":42,"column":29},"end":{"line":42,"column":34}},"loc":{"start":{"line":42,"column":67},"end":{"line":62,"column":1}}},"4":{"name":"(anonymous_5)","decl":{"start":{"line":64,"column":27},"end":{"line":64,"column":32}},"loc":{"start":{"line":64,"column":65},"end":{"line":77,"column":1}}}},"branchMap":{"0":{"loc":{"start":{"line":46,"column":4},"end":{"line":58,"column":null}},"type":"if","locations":[{"start":{"line":46,"column":4},"end":{"line":58,"column":null}},{"start":{"line":56,"column":11},"end":{"line":58,"column":null}}]},"1":{"loc":{"start":{"line":47,"column":24},"end":{"line":47,"column":61}},"type":"binary-expr","locations":[{"start":{"line":47,"column":24},"end":{"line":47,"column":42}},{"start":{"line":47,"column":46},"end":{"line":47,"column":61}}]},"2":{"loc":{"start":{"line":48,"column":23},"end":{"line":48,"column":58}},"type":"binary-expr","locations":[{"start":{"line":48,"column":23},"end":{"line":48,"column":40}},{"start":{"line":48,"column":44},"end":{"line":48,"column":58}}]},"3":{"loc":{"start":{"line":49,"column":23},"end":{"line":49,"column":58}},"type":"binary-expr","locations":[{"start":{"line":49,"column":23},"end":{"line":49,"column":40}},{"start":{"line":49,"column":44},"end":{"line":49,"column":58}}]},"4":{"loc":{"start":{"line":50,"column":22},"end":{"line":50,"column":46}},"type":"binary-expr","locations":[{"start":{"line":50,"column":22},"end":{"line":50,"column":29}},{"start":{"line":50,"column":33},"end":{"line":50,"column":46}}]},"5":{"loc":{"start":{"line":51,"column":22},"end":{"line":51,"column":46}},"type":"binary-expr","locations":[{"start":{"line":51,"column":22},"end":{"line":51,"column":29}},{"start":{"line":51,"column":33},"end":{"line":51,"column":46}}]},"6":{"loc":{"start":{"line":67,"column":4},"end":{"line":73,"column":null}},"type":"if","locations":[{"start":{"line":67,"column":4},"end":{"line":73,"column":null}},{"start":{"line":71,"column":11},"end":{"line":73,"column":null}}]}},"s":{"0":1,"1":1,"2":4,"3":4,"4":4,"5":4,"6":4,"7":0,"8":1,"9":1,"10":1,"11":1,"12":1,"13":0,"14":1,"15":1,"16":1,"17":1,"18":1,"19":0,"20":1,"21":1,"22":1,"23":1,"24":1,"25":1,"26":1,"27":1,"28":1,"29":1,"30":1,"31":1,"32":1,"33":1,"34":0,"35":0,"36":1,"37":1,"38":1,"39":1,"40":1,"41":1,"42":1,"43":1,"44":0,"45":0,"46":1},"f":{"0":4,"1":1,"2":1,"3":1,"4":1},"b":{"0":[1,0],"1":[1,0],"2":[1,0],"3":[1,0],"4":[1,0],"5":[1,0],"6":[1,0]}}
,"/Users/muktadirahamedshakib/Desktop/Project/myNextDoor-testing/server/models/AddValue.model.ts": {"path":"/Users/muktadirahamedshakib/Desktop/Project/myNextDoor-testing/server/models/AddValue.model.ts","statementMap":{"0":{"start":{"line":1,"column":0},"end":{"line":1,"column":44}},"1":{"start":{"line":4,"column":23},"end":{"line":25,"column":null}},"2":{"start":{"line":28,"column":17},"end":{"line":28,"column":59}},"3":{"start":{"line":30,"column":0},"end":{"line":30,"column":24}}},"fnMap":{},"branchMap":{},"s":{"0":1,"1":1,"2":1,"3":1},"f":{},"b":{}}
,"/Users/muktadirahamedshakib/Desktop/Project/myNextDoor-testing/server/routes/AddValue.router.ts": {"path":"/Users/muktadirahamedshakib/Desktop/Project/myNextDoor-testing/server/routes/AddValue.router.ts","statementMap":{"0":{"start":{"line":1,"column":0},"end":{"line":1,"column":30}},"1":{"start":{"line":2,"column":0},"end":{"line":2,"column":null}},"2":{"start":{"line":10,"column":15},"end":{"line":10,"column":31}},"3":{"start":{"line":12,"column":0},"end":{"line":12,"column":47}},"4":{"start":{"line":13,"column":0},"end":{"line":13,"column":58}},"5":{"start":{"line":14,"column":0},"end":{"line":14,"column":48}},"6":{"start":{"line":16,"column":0},"end":{"line":16,"column":22}}},"fnMap":{},"branchMap":{},"s":{"0":1,"1":1,"2":1,"3":1,"4":1,"5":1,"6":1},"f":{},"b":{}}
,"/Users/muktadirahamedshakib/Desktop/Project/myNextDoor-testing/server/utils/server.ts": {"path":"/Users/muktadirahamedshakib/Desktop/Project/myNextDoor-testing/server/utils/server.ts","statementMap":{"0":{"start":{"line":2,"column":0},"end":{"line":2,"column":39}},"1":{"start":{"line":3,"column":0},"end":{"line":3,"column":43}},"2":{"start":{"line":4,"column":0},"end":{"line":4,"column":53}},"3":{"start":{"line":5,"column":0},"end":{"line":5,"column":24}},"4":{"start":{"line":6,"column":0},"end":{"line":6,"column":38}},"5":{"start":{"line":7,"column":0},"end":{"line":7,"column":28}},"6":{"start":{"line":9,"column":21},"end":{"line":9,"column":30}},"7":{"start":{"line":11,"column":0},"end":{"line":11,"column":23}},"8":{"start":{"line":13,"column":0},"end":{"line":13,"column":24}},"9":{"start":{"line":14,"column":0},"end":{"line":14,"column":16}},"10":{"start":{"line":15,"column":0},"end":{"line":15,"column":23}},"11":{"start":{"line":18,"column":0},"end":{"line":18,"column":42}},"12":{"start":{"line":20,"column":0},"end":{"line":20,"column":45}},"13":{"start":{"line":20,"column":27},"end":{"line":20,"column":43}},"14":{"start":{"line":22,"column":0},"end":{"line":22,"column":19}}},"fnMap":{"0":{"name":"(anonymous_1)","decl":{"start":{"line":20,"column":18},"end":{"line":20,"column":19}},"loc":{"start":{"line":20,"column":27},"end":{"line":20,"column":43}}}},"branchMap":{},"s":{"0":1,"1":1,"2":1,"3":1,"4":1,"5":1,"6":1,"7":1,"8":1,"9":1,"10":1,"11":1,"12":1,"13":0,"14":1},"f":{"0":0},"b":{}}
}
